<?xml version="1.0" encoding="UTF-8"?>
<testsuite xmlns:xsi="http://www.w3.org/2001/XMLSchema-instance" xsi:noNamespaceSchemaLocation="https://maven.apache.org/surefire/maven-surefire-plugin/xsd/surefire-test-report.xsd" name="com.bs.conversion.service.WeightConversionTests" time="0.203" tests="2" errors="0" skipped="0" failures="0">
  <properties>
[...]
</properties>
  <testcase name="testToMetric" classname="com.bs.conversion.service.WeightConversionTests" time="0"/>
  <testcase name="testToImperial" classname="com.bs.conversion.service.WeightConversionTests" time="0"/>
</testsuite>